<?xml version="1.0" encoding="UTF-8"?>
<!-- Generated by org.testng.reporters.JUnitReportReporter -->
<testsuite hostname="maleek" failures="0" tests="3" name="tests.TvPackageTests" time="108.657" errors="0" timestamp="2023-04-01T13:45:21 EET" skipped="0">
  <testcase classname="tests.TvPackageTests" name="checkValueEgypt" time="58.717"/>
  <system-out/>
  <testcase classname="tests.TvPackageTests" name="checkValueUAE" time="30.449"/>
  <system-out/>
  <testcase classname="tests.TvPackageTests" name="checkValueOman" time="19.491"/>
  <system-out/>
</testsuite> <!-- tests.TvPackageTests -->
